<?xml version="1.0" encoding="UTF-8"?>
<!-- Generated by org.testng.reporters.JUnitXMLReporter -->
<testsuite ignored="6" hostname="Tushar" failures="0" tests="4" name="Test" time="69.525" errors="0" timestamp="2024-12-09T11:41:12 BDT">
  <testcase classname="tests.SignUpTest" name="SignUpTest" time="2.413"/>
  <testcase classname="tests.Personal_Info_Test" name="Personal_Info_Test" time="35.704"/>
  <testcase classname="tests.Contact_Test" name="Contact_Test" time="24.541"/>
  <testcase classname="tests.LoginTest" name="loginTest" time="0.689"/>
  <testcase classname="basedriver.BaseDriver" name="@AfterSuite close" time="0.0">
    <ignored/>
  </testcase> <!-- @AfterSuite close -->
  <testcase classname="basedriver.BaseDriver" name="@AfterSuite close" time="0.0">
    <ignored/>
  </testcase> <!-- @AfterSuite close -->
  <testcase classname="basedriver.BaseDriver" name="@AfterSuite close" time="0.0">
    <ignored/>
  </testcase> <!-- @AfterSuite close -->
  <testcase classname="basedriver.BaseDriver" name="@BeforeSuite startBrowser" time="0.0">
    <ignored/>
  </testcase> <!-- @BeforeSuite startBrowser -->
  <testcase classname="basedriver.BaseDriver" name="@BeforeSuite startBrowser" time="0.0">
    <ignored/>
  </testcase> <!-- @BeforeSuite startBrowser -->
  <testcase classname="basedriver.BaseDriver" name="@BeforeSuite startBrowser" time="0.0">
    <ignored/>
  </testcase> <!-- @BeforeSuite startBrowser -->
</testsuite> <!-- Test -->
