<?xml version="1.0" encoding="UTF-8"?>
<!-- Generated by org.testng.reporters.JUnitXMLReporter -->
<testsuite ignored="2" hostname="Tushar" failures="0" tests="2" name="Test" time="42.913" errors="0" timestamp="2024-12-07T09:28:55 BDT">
  <testcase classname="tests.SignUpTest" name="SignUpTest" time="2.344"/>
  <testcase classname="tests.Personal_Info_Test" name="Personal_Info_Test" time="35.133"/>
  <testcase classname="basedriver.BaseDriver" name="@AfterSuite close" time="0.0">
    <ignored/>
  </testcase> <!-- @AfterSuite close -->
  <testcase classname="basedriver.BaseDriver" name="@BeforeSuite startBrowser" time="0.0">
    <ignored/>
  </testcase> <!-- @BeforeSuite startBrowser -->
</testsuite> <!-- Test -->
