<?xml version="1.0" encoding="UTF-8"?>
<testng-results ignored="0" total="1" passed="1" failed="0" skipped="0">
  <reporter-output>
  </reporter-output>
  <suite started-at="2024-11-24T21:29:27 BDT" name="Default suite" finished-at="2024-11-24T21:29:37 BDT" duration-ms="9754">
    <groups>
    </groups>
    <test started-at="2024-11-24T21:29:27 BDT" name="Default test" finished-at="2024-11-24T21:29:37 BDT" duration-ms="9754">
      <class name="tests.LoginTest">
        <test-method is-config="true" signature="startBrowser()[pri:0, instance:tests.LoginTest@7ec7ffd3]" started-at="2024-11-24T21:29:25 BDT" name="startBrowser" finished-at="2024-11-24T21:29:27 BDT" duration-ms="2775" status="PASS">
          <reporter-output>
          </reporter-output>
        </test-method> <!-- startBrowser -->
        <test-method is-config="true" signature="start()[pri:0, instance:tests.LoginTest@7ec7ffd3]" started-at="2024-11-24T21:29:27 BDT" name="start" finished-at="2024-11-24T21:29:34 BDT" duration-ms="6260" status="PASS">
          <reporter-output>
          </reporter-output>
        </test-method> <!-- start -->
        <test-method signature="loginTest()[pri:0, instance:tests.LoginTest@7ec7ffd3]" started-at="2024-11-24T21:29:34 BDT" name="loginTest" finished-at="2024-11-24T21:29:37 BDT" duration-ms="3433" status="PASS">
          <reporter-output>
          </reporter-output>
        </test-method> <!-- loginTest -->
        <test-method is-config="true" signature="close()[pri:0, instance:tests.LoginTest@7ec7ffd3]" started-at="2024-11-24T21:29:37 BDT" name="close" finished-at="2024-11-24T21:29:37 BDT" duration-ms="260" status="PASS">
          <reporter-output>
          </reporter-output>
        </test-method> <!-- close -->
      </class> <!-- tests.LoginTest -->
    </test> <!-- Default test -->
  </suite> <!-- Default suite -->
</testng-results>
