<?xml version="1.0" encoding="UTF-8"?>
<testng-results ignored="0" total="1" passed="1" failed="0" skipped="0">
  <reporter-output>
  </reporter-output>
  <suite started-at="2024-11-30T18:54:57 BDT" name="Default suite" finished-at="2024-11-30T18:55:12 BDT" duration-ms="14765">
    <groups>
    </groups>
    <test started-at="2024-11-30T18:54:57 BDT" name="Default test" finished-at="2024-11-30T18:55:12 BDT" duration-ms="14765">
      <class name="tests.LoginTest">
        <test-method is-config="true" signature="startBrowser()[pri:0, instance:tests.LoginTest@16d04d3d]" started-at="2024-11-30T18:54:53 BDT" name="startBrowser" finished-at="2024-11-30T18:54:57 BDT" duration-ms="4458" status="PASS">
          <reporter-output>
          </reporter-output>
        </test-method> <!-- startBrowser -->
        <test-method is-config="true" signature="start()[pri:0, instance:tests.LoginTest@16d04d3d]" started-at="2024-11-30T18:54:57 BDT" name="start" finished-at="2024-11-30T18:55:05 BDT" duration-ms="7435" status="PASS">
          <reporter-output>
          </reporter-output>
        </test-method> <!-- start -->
        <test-method signature="loginTest()[pri:0, instance:tests.LoginTest@16d04d3d]" started-at="2024-11-30T18:55:05 BDT" name="loginTest" finished-at="2024-11-30T18:55:11 BDT" duration-ms="6211" status="PASS">
          <reporter-output>
          </reporter-output>
        </test-method> <!-- loginTest -->
        <test-method is-config="true" signature="report()[pri:0, instance:tests.LoginTest@16d04d3d]" started-at="2024-11-30T18:55:11 BDT" name="report" finished-at="2024-11-30T18:55:12 BDT" duration-ms="1038" status="PASS">
          <reporter-output>
          </reporter-output>
        </test-method> <!-- report -->
        <test-method is-config="true" signature="close()[pri:0, instance:tests.LoginTest@16d04d3d]" started-at="2024-11-30T18:55:12 BDT" name="close" finished-at="2024-11-30T18:55:12 BDT" duration-ms="315" status="PASS">
          <reporter-output>
          </reporter-output>
        </test-method> <!-- close -->
      </class> <!-- tests.LoginTest -->
    </test> <!-- Default test -->
  </suite> <!-- Default suite -->
</testng-results>
